# JRE version: OpenJDK Runtime Environment (11.0.6+10) (build 11.0.6+10)
# Java VM: OpenJDK 64-Bit Server VM (11.0.6+10, mixed mode, tiered, compressed oops, g1 gc, linux-amd64)
Heap:
 garbage-first heap   total 34816K, used 10627K [0x00000000e0000000, 0x0000000100000000)
  region size 1024K, 2 young (2048K), 0 survivors (0K)
 Metaspace       used 27976K, capacity 28715K, committed 29184K, reserved 1075200K
  class space    used 3155K, capacity 3466K, committed 3584K, reserved 1048576K
GC Heap History (8 events):
Event: 0.664 GC heap before
{Heap before GC invocations=0 (full 0):
 garbage-first heap   total 524288K, used 25600K [0x00000000e0000000, 0x0000000100000000)
  region size 1024K, 25 young (25600K), 0 survivors (0K)
 Metaspace       used 20374K, capacity 20893K, committed 21248K, reserved 1069056K
  class space    used 2224K, capacity 2437K, committed 2560K, reserved 1048576K
}
Event: 0.671 GC heap after
{Heap after GC invocations=1 (full 0):
 garbage-first heap   total 524288K, used 5001K [0x00000000e0000000, 0x0000000100000000)
  region size 1024K, 4 young (4096K), 4 survivors (4096K)
 Metaspace       used 20374K, capacity 20893K, committed 21248K, reserved 1069056K
  class space    used 2224K, capacity 2437K, committed 2560K, reserved 1048576K
}
Event: 0.675 GC heap before
{Heap before GC invocations=1 (full 0):
 garbage-first heap   total 524288K, used 5001K [0x00000000e0000000, 0x0000000100000000)
  region size 1024K, 5 young (5120K), 4 survivors (4096K)
 Metaspace       used 20533K, capacity 21025K, committed 21248K, reserved 1069056K
  class space    used 2235K, capacity 2438K, committed 2560K, reserved 1048576K
}
Event: 0.678 GC heap after
{Heap after GC invocations=2 (full 0):
 garbage-first heap   total 524288K, used 5135K [0x00000000e0000000, 0x0000000100000000)
  region size 1024K, 5 young (5120K), 5 survivors (5120K)
 Metaspace       used 20533K, capacity 21025K, committed 21248K, reserved 1069056K
  class space    used 2235K, capacity 2438K, committed 2560K, reserved 1048576K
}
Event: 5.281 GC heap before
{Heap before GC invocations=3 (full 0):
 garbage-first heap   total 524288K, used 22543K [0x00000000e0000000, 0x0000000100000000)
  region size 1024K, 21 young (21504K), 5 survivors (5120K)
 Metaspace       used 27848K, capacity 28584K, committed 28928K, reserved 1075200K
  class space    used 3142K, capacity 3465K, committed 3584K, reserved 1048576K
}
Event: 5.299 GC heap after
{Heap after GC invocations=4 (full 1):
 garbage-first heap   total 37888K, used 9603K [0x00000000e0000000, 0x0000000100000000)
  region size 1024K, 0 young (0K), 0 survivors (0K)
 Metaspace       used 27848K, capacity 28584K, committed 28928K, reserved 1075200K
  class space    used 3142K, capacity 3465K, committed 3584K, reserved 1048576K
}
Event: 5.300 GC heap before
{Heap before GC invocations=4 (full 1):
 garbage-first heap   total 37888K, used 9603K [0x00000000e0000000, 0x0000000100000000)
  region size 1024K, 0 young (0K), 0 survivors (0K)
 Metaspace       used 27848K, capacity 28584K, committed 28928K, reserved 1075200K
  class space    used 3142K, capacity 3465K, committed 3584K, reserved 1048576K
}
Event: 5.317 GC heap after
{Heap after GC invocations=5 (full 2):
 garbage-first heap   total 34816K, used 9603K [0x00000000e0000000, 0x0000000100000000)
  region size 1024K, 0 young (0K), 0 survivors (0K)
 Metaspace       used 27848K, capacity 28584K, committed 28928K, reserved 1075200K
  class space    used 3142K, capacity 3465K, committed 3584K, reserved 1048576K
}

