# JRE version: OpenJDK Runtime Environment (11.0.6+10) (build 11.0.6+10)
# Java VM: OpenJDK 64-Bit Server VM (11.0.6+10, mixed mode, tiered, compressed oops, g1 gc, linux-amd64)
Heap:
 garbage-first heap   total 34816K, used 11136K [0x00000000e0000000, 0x0000000100000000)
  region size 1024K, 3 young (3072K), 0 survivors (0K)
 Metaspace       used 27777K, capacity 28578K, committed 28924K, reserved 1075200K
  class space    used 3138K, capacity 3463K, committed 3580K, reserved 1048576K
GC Heap History (8 events):
Event: 0.648 GC heap before
{Heap before GC invocations=0 (full 0):
 garbage-first heap   total 524288K, used 25600K [0x00000000e0000000, 0x0000000100000000)
  region size 1024K, 25 young (25600K), 0 survivors (0K)
 Metaspace       used 20419K, capacity 20961K, committed 21248K, reserved 1069056K
  class space    used 2255K, capacity 2505K, committed 2560K, reserved 1048576K
}
Event: 0.657 GC heap after
{Heap after GC invocations=1 (full 0):
 garbage-first heap   total 524288K, used 4795K [0x00000000e0000000, 0x0000000100000000)
  region size 1024K, 4 young (4096K), 4 survivors (4096K)
 Metaspace       used 20419K, capacity 20961K, committed 21248K, reserved 1069056K
  class space    used 2255K, capacity 2505K, committed 2560K, reserved 1048576K
}
Event: 0.684 GC heap before
{Heap before GC invocations=1 (full 0):
 garbage-first heap   total 524288K, used 5819K [0x00000000e0000000, 0x0000000100000000)
  region size 1024K, 6 young (6144K), 4 survivors (4096K)
 Metaspace       used 20589K, capacity 21161K, committed 21248K, reserved 1069056K
  class space    used 2285K, capacity 2548K, committed 2560K, reserved 1048576K
}
Event: 0.696 GC heap after
{Heap after GC invocations=2 (full 0):
 garbage-first heap   total 524288K, used 5299K [0x00000000e0000000, 0x0000000100000000)
  region size 1024K, 5 young (5120K), 5 survivors (5120K)
 Metaspace       used 20589K, capacity 21161K, committed 21248K, reserved 1069056K
  class space    used 2285K, capacity 2548K, committed 2560K, reserved 1048576K
}
Event: 2.687 GC heap before
{Heap before GC invocations=3 (full 0):
 garbage-first heap   total 524288K, used 16563K [0x00000000e0000000, 0x0000000100000000)
  region size 1024K, 16 young (16384K), 5 survivors (5120K)
 Metaspace       used 27026K, capacity 27731K, committed 28028K, reserved 1073152K
  class space    used 3070K, capacity 3394K, committed 3452K, reserved 1048576K
}
Event: 2.705 GC heap after
{Heap after GC invocations=4 (full 1):
 garbage-first heap   total 37888K, used 9087K [0x00000000e0000000, 0x0000000100000000)
  region size 1024K, 0 young (0K), 0 survivors (0K)
 Metaspace       used 27026K, capacity 27731K, committed 28028K, reserved 1073152K
  class space    used 3070K, capacity 3394K, committed 3452K, reserved 1048576K
}
Event: 2.705 GC heap before
{Heap before GC invocations=4 (full 1):
 garbage-first heap   total 37888K, used 9087K [0x00000000e0000000, 0x0000000100000000)
  region size 1024K, 1 young (1024K), 0 survivors (0K)
 Metaspace       used 27026K, capacity 27731K, committed 28028K, reserved 1073152K
  class space    used 3070K, capacity 3394K, committed 3452K, reserved 1048576K
}
Event: 2.724 GC heap after
{Heap after GC invocations=5 (full 2):
 garbage-first heap   total 34816K, used 9088K [0x00000000e0000000, 0x0000000100000000)
  region size 1024K, 0 young (0K), 0 survivors (0K)
 Metaspace       used 27026K, capacity 27731K, committed 28028K, reserved 1073152K
  class space    used 3070K, capacity 3394K, committed 3452K, reserved 1048576K
}

