# JRE version: OpenJDK Runtime Environment (11.0.6+10) (build 11.0.6+10)
# Java VM: OpenJDK 64-Bit Server VM (11.0.6+10, mixed mode, tiered, compressed oops, g1 gc, linux-amd64)
Heap:
 garbage-first heap   total 34816K, used 11258K [0x00000000e0000000, 0x0000000100000000)
  region size 1024K, 3 young (3072K), 0 survivors (0K)
 Metaspace       used 28041K, capacity 28794K, committed 29184K, reserved 1075200K
  class space    used 3145K, capacity 3495K, committed 3584K, reserved 1048576K
GC Heap History (8 events):
Event: 0.663 GC heap before
{Heap before GC invocations=0 (full 0):
 garbage-first heap   total 524288K, used 25600K [0x00000000e0000000, 0x0000000100000000)
  region size 1024K, 25 young (25600K), 0 survivors (0K)
 Metaspace       used 20372K, capacity 20903K, committed 21248K, reserved 1069056K
  class space    used 2241K, capacity 2464K, committed 2560K, reserved 1048576K
}
Event: 0.669 GC heap after
{Heap after GC invocations=1 (full 0):
 garbage-first heap   total 524288K, used 4919K [0x00000000e0000000, 0x0000000100000000)
  region size 1024K, 4 young (4096K), 4 survivors (4096K)
 Metaspace       used 20372K, capacity 20903K, committed 21248K, reserved 1069056K
  class space    used 2241K, capacity 2464K, committed 2560K, reserved 1048576K
}
Event: 0.690 GC heap before
{Heap before GC invocations=1 (full 0):
 garbage-first heap   total 524288K, used 6967K [0x00000000e0000000, 0x0000000100000000)
  region size 1024K, 7 young (7168K), 4 survivors (4096K)
 Metaspace       used 20604K, capacity 21194K, committed 21248K, reserved 1069056K
  class space    used 2289K, capacity 2542K, committed 2560K, reserved 1048576K
}
Event: 0.694 GC heap after
{Heap after GC invocations=2 (full 0):
 garbage-first heap   total 524288K, used 5233K [0x00000000e0000000, 0x0000000100000000)
  region size 1024K, 5 young (5120K), 5 survivors (5120K)
 Metaspace       used 20604K, capacity 21194K, committed 21248K, reserved 1069056K
  class space    used 2289K, capacity 2542K, committed 2560K, reserved 1048576K
}
Event: 11.381 GC heap before
{Heap before GC invocations=3 (full 0):
 garbage-first heap   total 524288K, used 18545K [0x00000000e0000000, 0x0000000100000000)
  region size 1024K, 17 young (17408K), 5 survivors (5120K)
 Metaspace       used 27295K, capacity 28043K, committed 28288K, reserved 1075200K
  class space    used 3077K, capacity 3394K, committed 3456K, reserved 1048576K
}
Event: 11.400 GC heap after
{Heap after GC invocations=4 (full 1):
 garbage-first heap   total 37888K, used 9210K [0x00000000e0000000, 0x0000000100000000)
  region size 1024K, 0 young (0K), 0 survivors (0K)
 Metaspace       used 27295K, capacity 28043K, committed 28288K, reserved 1075200K
  class space    used 3077K, capacity 3394K, committed 3456K, reserved 1048576K
}
Event: 11.401 GC heap before
{Heap before GC invocations=4 (full 1):
 garbage-first heap   total 37888K, used 9210K [0x00000000e0000000, 0x0000000100000000)
  region size 1024K, 1 young (1024K), 0 survivors (0K)
 Metaspace       used 27295K, capacity 28043K, committed 28288K, reserved 1075200K
  class space    used 3077K, capacity 3394K, committed 3456K, reserved 1048576K
}
Event: 11.419 GC heap after
{Heap after GC invocations=5 (full 2):
 garbage-first heap   total 34816K, used 9210K [0x00000000e0000000, 0x0000000100000000)
  region size 1024K, 0 young (0K), 0 survivors (0K)
 Metaspace       used 27295K, capacity 28043K, committed 28288K, reserved 1075200K
  class space    used 3077K, capacity 3394K, committed 3456K, reserved 1048576K
}

