# JRE version: OpenJDK Runtime Environment (11.0.6+10) (build 11.0.6+10)
# Java VM: OpenJDK 64-Bit Server VM (11.0.6+10, mixed mode, tiered, compressed oops, g1 gc, linux-amd64)
Heap:
 garbage-first heap   total 34816K, used 10351K [0x00000000e0000000, 0x0000000100000000)
  region size 1024K, 2 young (2048K), 0 survivors (0K)
 Metaspace       used 27832K, capacity 28602K, committed 28928K, reserved 1075200K
  class space    used 3145K, capacity 3495K, committed 3584K, reserved 1048576K
GC Heap History (8 events):
Event: 0.645 GC heap before
{Heap before GC invocations=0 (full 0):
 garbage-first heap   total 524288K, used 25600K [0x00000000e0000000, 0x0000000100000000)
  region size 1024K, 25 young (25600K), 0 survivors (0K)
 Metaspace       used 20440K, capacity 20985K, committed 21248K, reserved 1069056K
  class space    used 2242K, capacity 2469K, committed 2560K, reserved 1048576K
}
Event: 0.651 GC heap after
{Heap after GC invocations=1 (full 0):
 garbage-first heap   total 524288K, used 4937K [0x00000000e0000000, 0x0000000100000000)
  region size 1024K, 4 young (4096K), 4 survivors (4096K)
 Metaspace       used 20440K, capacity 20985K, committed 21248K, reserved 1069056K
  class space    used 2242K, capacity 2469K, committed 2560K, reserved 1048576K
}
Event: 0.656 GC heap before
{Heap before GC invocations=1 (full 0):
 garbage-first heap   total 524288K, used 4937K [0x00000000e0000000, 0x0000000100000000)
  region size 1024K, 5 young (5120K), 4 survivors (4096K)
 Metaspace       used 20578K, capacity 21085K, committed 21248K, reserved 1069056K
  class space    used 2252K, capacity 2502K, committed 2560K, reserved 1048576K
}
Event: 0.659 GC heap after
{Heap after GC invocations=2 (full 0):
 garbage-first heap   total 524288K, used 5226K [0x00000000e0000000, 0x0000000100000000)
  region size 1024K, 5 young (5120K), 5 survivors (5120K)
 Metaspace       used 20578K, capacity 21085K, committed 21248K, reserved 1069056K
  class space    used 2252K, capacity 2502K, committed 2560K, reserved 1048576K
}
Event: 6.471 GC heap before
{Heap before GC invocations=3 (full 0):
 garbage-first heap   total 524288K, used 21610K [0x00000000e0000000, 0x0000000100000000)
  region size 1024K, 20 young (20480K), 5 survivors (5120K)
 Metaspace       used 27688K, capacity 28471K, committed 28928K, reserved 1075200K
  class space    used 3130K, capacity 3494K, committed 3584K, reserved 1048576K
}
Event: 6.488 GC heap after
{Heap after GC invocations=4 (full 1):
 garbage-first heap   total 40960K, used 9327K [0x00000000e0000000, 0x0000000100000000)
  region size 1024K, 0 young (0K), 0 survivors (0K)
 Metaspace       used 27688K, capacity 28471K, committed 28928K, reserved 1075200K
  class space    used 3130K, capacity 3494K, committed 3584K, reserved 1048576K
}
Event: 6.488 GC heap before
{Heap before GC invocations=4 (full 1):
 garbage-first heap   total 40960K, used 9327K [0x00000000e0000000, 0x0000000100000000)
  region size 1024K, 0 young (0K), 0 survivors (0K)
 Metaspace       used 27688K, capacity 28471K, committed 28928K, reserved 1075200K
  class space    used 3130K, capacity 3494K, committed 3584K, reserved 1048576K
}
Event: 6.501 GC heap after
{Heap after GC invocations=5 (full 2):
 garbage-first heap   total 34816K, used 9327K [0x00000000e0000000, 0x0000000100000000)
  region size 1024K, 0 young (0K), 0 survivors (0K)
 Metaspace       used 27688K, capacity 28471K, committed 28928K, reserved 1075200K
  class space    used 3130K, capacity 3494K, committed 3584K, reserved 1048576K
}

