# JRE version: OpenJDK Runtime Environment (11.0.5+10) (build 11.0.5+10)
# Java VM: OpenJDK 64-Bit Server VM (11.0.5+10, mixed mode, tiered, compressed oops, g1 gc, linux-amd64)
Heap:
 garbage-first heap   total 37888K, used 11376K [0x00000000e0000000, 0x0000000100000000)
  region size 1024K, 3 young (3072K), 0 survivors (0K)
 Metaspace       used 27773K, capacity 28568K, committed 28928K, reserved 1075200K
  class space    used 3136K, capacity 3462K, committed 3584K, reserved 1048576K
GC Heap History (6 events):
Event: 0.677 GC heap before
{Heap before GC invocations=0 (full 0):
 garbage-first heap   total 524288K, used 24576K [0x00000000e0000000, 0x0000000100000000)
  region size 1024K, 25 young (25600K), 0 survivors (0K)
 Metaspace       used 20527K, capacity 21019K, committed 21248K, reserved 1069056K
  class space    used 2234K, capacity 2437K, committed 2560K, reserved 1048576K
}
Event: 0.685 GC heap after
{Heap after GC invocations=1 (full 0):
 garbage-first heap   total 524288K, used 5035K [0x00000000e0000000, 0x0000000100000000)
  region size 1024K, 4 young (4096K), 4 survivors (4096K)
 Metaspace       used 20527K, capacity 21019K, committed 21248K, reserved 1069056K
  class space    used 2234K, capacity 2437K, committed 2560K, reserved 1048576K
}
Event: 4.471 GC heap before
{Heap before GC invocations=2 (full 0):
 garbage-first heap   total 524288K, used 21419K [0x00000000e0000000, 0x0000000100000000)
  region size 1024K, 19 young (19456K), 4 survivors (4096K)
 Metaspace       used 27542K, capacity 28309K, committed 28672K, reserved 1075200K
  class space    used 3112K, capacity 3461K, committed 3584K, reserved 1048576K
}
Event: 4.491 GC heap after
{Heap after GC invocations=3 (full 1):
 garbage-first heap   total 45056K, used 9328K [0x00000000e0000000, 0x0000000100000000)
  region size 1024K, 0 young (0K), 0 survivors (0K)
 Metaspace       used 27542K, capacity 28309K, committed 28672K, reserved 1075200K
  class space    used 3112K, capacity 3461K, committed 3584K, reserved 1048576K
}
Event: 4.491 GC heap before
{Heap before GC invocations=3 (full 1):
 garbage-first heap   total 45056K, used 9328K [0x00000000e0000000, 0x0000000100000000)
  region size 1024K, 0 young (0K), 0 survivors (0K)
 Metaspace       used 27542K, capacity 28309K, committed 28672K, reserved 1075200K
  class space    used 3112K, capacity 3461K, committed 3584K, reserved 1048576K
}
Event: 4.503 GC heap after
{Heap after GC invocations=4 (full 2):
 garbage-first heap   total 37888K, used 9328K [0x00000000e0000000, 0x0000000100000000)
  region size 1024K, 0 young (0K), 0 survivors (0K)
 Metaspace       used 27542K, capacity 28309K, committed 28672K, reserved 1075200K
  class space    used 3112K, capacity 3461K, committed 3584K, reserved 1048576K
}

