# JRE version: OpenJDK Runtime Environment (11.0.6+10) (build 11.0.6+10)
# Java VM: OpenJDK 64-Bit Server VM (11.0.6+10, mixed mode, tiered, compressed oops, g1 gc, linux-amd64)
Heap:
 garbage-first heap   total 34816K, used 10929K [0x00000000e0000000, 0x0000000100000000)
  region size 1024K, 3 young (3072K), 0 survivors (0K)
 Metaspace       used 27692K, capacity 28447K, committed 28928K, reserved 1075200K
  class space    used 3127K, capacity 3462K, committed 3584K, reserved 1048576K
GC Heap History (8 events):
Event: 0.662 GC heap before
{Heap before GC invocations=0 (full 0):
 garbage-first heap   total 524288K, used 25600K [0x00000000e0000000, 0x0000000100000000)
  region size 1024K, 25 young (25600K), 0 survivors (0K)
 Metaspace       used 20366K, capacity 20911K, committed 21248K, reserved 1069056K
  class space    used 2241K, capacity 2464K, committed 2560K, reserved 1048576K
}
Event: 0.670 GC heap after
{Heap after GC invocations=1 (full 0):
 garbage-first heap   total 524288K, used 4727K [0x00000000e0000000, 0x0000000100000000)
  region size 1024K, 4 young (4096K), 4 survivors (4096K)
 Metaspace       used 20366K, capacity 20911K, committed 21248K, reserved 1069056K
  class space    used 2241K, capacity 2464K, committed 2560K, reserved 1048576K
}
Event: 0.692 GC heap before
{Heap before GC invocations=1 (full 0):
 garbage-first heap   total 524288K, used 6775K [0x00000000e0000000, 0x0000000100000000)
  region size 1024K, 7 young (7168K), 4 survivors (4096K)
 Metaspace       used 20623K, capacity 21214K, committed 21248K, reserved 1069056K
  class space    used 2293K, capacity 2546K, committed 2560K, reserved 1048576K
}
Event: 0.697 GC heap after
{Heap after GC invocations=2 (full 0):
 garbage-first heap   total 524288K, used 5311K [0x00000000e0000000, 0x0000000100000000)
  region size 1024K, 5 young (5120K), 5 survivors (5120K)
 Metaspace       used 20623K, capacity 21214K, committed 21248K, reserved 1069056K
  class space    used 2293K, capacity 2546K, committed 2560K, reserved 1048576K
}
Event: 6.397 GC heap before
{Heap before GC invocations=3 (full 0):
 garbage-first heap   total 524288K, used 16575K [0x00000000e0000000, 0x0000000100000000)
  region size 1024K, 16 young (16384K), 5 survivors (5120K)
 Metaspace       used 26928K, capacity 27632K, committed 28032K, reserved 1073152K
  class space    used 3057K, capacity 3361K, committed 3456K, reserved 1048576K
}
Event: 6.417 GC heap after
{Heap after GC invocations=4 (full 1):
 garbage-first heap   total 34816K, used 8881K [0x00000000e0000000, 0x0000000100000000)
  region size 1024K, 0 young (0K), 0 survivors (0K)
 Metaspace       used 26928K, capacity 27632K, committed 28032K, reserved 1073152K
  class space    used 3057K, capacity 3361K, committed 3456K, reserved 1048576K
}
Event: 6.417 GC heap before
{Heap before GC invocations=4 (full 1):
 garbage-first heap   total 34816K, used 8881K [0x00000000e0000000, 0x0000000100000000)
  region size 1024K, 1 young (1024K), 0 survivors (0K)
 Metaspace       used 26928K, capacity 27632K, committed 28032K, reserved 1073152K
  class space    used 3057K, capacity 3361K, committed 3456K, reserved 1048576K
}
Event: 6.435 GC heap after
{Heap after GC invocations=5 (full 2):
 garbage-first heap   total 34816K, used 8881K [0x00000000e0000000, 0x0000000100000000)
  region size 1024K, 0 young (0K), 0 survivors (0K)
 Metaspace       used 26928K, capacity 27632K, committed 28032K, reserved 1073152K
  class space    used 3057K, capacity 3361K, committed 3456K, reserved 1048576K
}

