# JRE version: OpenJDK Runtime Environment (11.0.6+10) (build 11.0.6+10)
# Java VM: OpenJDK 64-Bit Server VM (11.0.6+10, mixed mode, tiered, compressed oops, g1 gc, linux-amd64)
Heap:
 garbage-first heap   total 34816K, used 10966K [0x00000000e0000000, 0x0000000100000000)
  region size 1024K, 3 young (3072K), 0 survivors (0K)
 Metaspace       used 27739K, capacity 28511K, committed 28924K, reserved 1075200K
  class space    used 3129K, capacity 3462K, committed 3580K, reserved 1048576K
GC Heap History (8 events):
Event: 0.682 GC heap before
{Heap before GC invocations=0 (full 0):
 garbage-first heap   total 524288K, used 25600K [0x00000000e0000000, 0x0000000100000000)
  region size 1024K, 25 young (25600K), 0 survivors (0K)
 Metaspace       used 20367K, capacity 20911K, committed 21248K, reserved 1069056K
  class space    used 2242K, capacity 2464K, committed 2560K, reserved 1048576K
}
Event: 0.687 GC heap after
{Heap after GC invocations=1 (full 0):
 garbage-first heap   total 524288K, used 4853K [0x00000000e0000000, 0x0000000100000000)
  region size 1024K, 4 young (4096K), 4 survivors (4096K)
 Metaspace       used 20367K, capacity 20911K, committed 21248K, reserved 1069056K
  class space    used 2242K, capacity 2464K, committed 2560K, reserved 1048576K
}
Event: 0.719 GC heap before
{Heap before GC invocations=1 (full 0):
 garbage-first heap   total 524288K, used 6901K [0x00000000e0000000, 0x0000000100000000)
  region size 1024K, 7 young (7168K), 4 survivors (4096K)
 Metaspace       used 20623K, capacity 21214K, committed 21248K, reserved 1069056K
  class space    used 2294K, capacity 2546K, committed 2560K, reserved 1048576K
}
Event: 0.730 GC heap after
{Heap after GC invocations=2 (full 0):
 garbage-first heap   total 524288K, used 5182K [0x00000000e0000000, 0x0000000100000000)
  region size 1024K, 5 young (5120K), 5 survivors (5120K)
 Metaspace       used 20623K, capacity 21214K, committed 21248K, reserved 1069056K
  class space    used 2294K, capacity 2546K, committed 2560K, reserved 1048576K
}
Event: 5.020 GC heap before
{Heap before GC invocations=3 (full 0):
 garbage-first heap   total 524288K, used 17470K [0x00000000e0000000, 0x0000000100000000)
  region size 1024K, 16 young (16384K), 5 survivors (5120K)
 Metaspace       used 26953K, capacity 27632K, committed 28028K, reserved 1073152K
  class space    used 3059K, capacity 3361K, committed 3452K, reserved 1048576K
}
Event: 5.037 GC heap after
{Heap after GC invocations=4 (full 1):
 garbage-first heap   total 34816K, used 8918K [0x00000000e0000000, 0x0000000100000000)
  region size 1024K, 0 young (0K), 0 survivors (0K)
 Metaspace       used 26953K, capacity 27632K, committed 28028K, reserved 1073152K
  class space    used 3059K, capacity 3361K, committed 3452K, reserved 1048576K
}
Event: 5.038 GC heap before
{Heap before GC invocations=4 (full 1):
 garbage-first heap   total 34816K, used 8918K [0x00000000e0000000, 0x0000000100000000)
  region size 1024K, 1 young (1024K), 0 survivors (0K)
 Metaspace       used 26953K, capacity 27632K, committed 28028K, reserved 1073152K
  class space    used 3059K, capacity 3361K, committed 3452K, reserved 1048576K
}
Event: 5.052 GC heap after
{Heap after GC invocations=5 (full 2):
 garbage-first heap   total 34816K, used 8918K [0x00000000e0000000, 0x0000000100000000)
  region size 1024K, 0 young (0K), 0 survivors (0K)
 Metaspace       used 26953K, capacity 27632K, committed 28028K, reserved 1073152K
  class space    used 3059K, capacity 3361K, committed 3452K, reserved 1048576K
}

