# JRE version: OpenJDK Runtime Environment (11.0.6+10) (build 11.0.6+10)
# Java VM: OpenJDK 64-Bit Server VM (11.0.6+10, mixed mode, tiered, compressed oops, g1 gc, linux-amd64)
Heap:
 garbage-first heap   total 34816K, used 10947K [0x00000000e0000000, 0x0000000100000000)
  region size 1024K, 3 young (3072K), 0 survivors (0K)
 Metaspace       used 27750K, capacity 28506K, committed 28924K, reserved 1075200K
  class space    used 3138K, capacity 3463K, committed 3580K, reserved 1048576K
GC Heap History (8 events):
Event: 0.733 GC heap before
{Heap before GC invocations=0 (full 0):
 garbage-first heap   total 524288K, used 25600K [0x00000000e0000000, 0x0000000100000000)
  region size 1024K, 25 young (25600K), 0 survivors (0K)
 Metaspace       used 20292K, capacity 20839K, committed 20992K, reserved 1067008K
  class space    used 2230K, capacity 2464K, committed 2560K, reserved 1048576K
}
Event: 0.743 GC heap after
{Heap after GC invocations=1 (full 0):
 garbage-first heap   total 524288K, used 4761K [0x00000000e0000000, 0x0000000100000000)
  region size 1024K, 4 young (4096K), 4 survivors (4096K)
 Metaspace       used 20292K, capacity 20839K, committed 20992K, reserved 1067008K
  class space    used 2230K, capacity 2464K, committed 2560K, reserved 1048576K
}
Event: 0.781 GC heap before
{Heap before GC invocations=1 (full 0):
 garbage-first heap   total 524288K, used 6809K [0x00000000e0000000, 0x0000000100000000)
  region size 1024K, 7 young (7168K), 4 survivors (4096K)
 Metaspace       used 20582K, capacity 21153K, committed 21248K, reserved 1069056K
  class space    used 2286K, capacity 2548K, committed 2560K, reserved 1048576K
}
Event: 0.789 GC heap after
{Heap after GC invocations=2 (full 0):
 garbage-first heap   total 524288K, used 5205K [0x00000000e0000000, 0x0000000100000000)
  region size 1024K, 5 young (5120K), 5 survivors (5120K)
 Metaspace       used 20582K, capacity 21153K, committed 21248K, reserved 1069056K
  class space    used 2286K, capacity 2548K, committed 2560K, reserved 1048576K
}
Event: 2.641 GC heap before
{Heap before GC invocations=3 (full 0):
 garbage-first heap   total 524288K, used 16469K [0x00000000e0000000, 0x0000000100000000)
  region size 1024K, 16 young (16384K), 5 survivors (5120K)
 Metaspace       used 26966K, capacity 27627K, committed 27772K, reserved 1073152K
  class space    used 3068K, capacity 3362K, committed 3452K, reserved 1048576K
}
Event: 2.658 GC heap after
{Heap after GC invocations=4 (full 1):
 garbage-first heap   total 37888K, used 8899K [0x00000000e0000000, 0x0000000100000000)
  region size 1024K, 0 young (0K), 0 survivors (0K)
 Metaspace       used 26966K, capacity 27627K, committed 27772K, reserved 1073152K
  class space    used 3068K, capacity 3362K, committed 3452K, reserved 1048576K
}
Event: 2.658 GC heap before
{Heap before GC invocations=4 (full 1):
 garbage-first heap   total 37888K, used 8899K [0x00000000e0000000, 0x0000000100000000)
  region size 1024K, 0 young (0K), 0 survivors (0K)
 Metaspace       used 26966K, capacity 27627K, committed 27772K, reserved 1073152K
  class space    used 3068K, capacity 3362K, committed 3452K, reserved 1048576K
}
Event: 2.677 GC heap after
{Heap after GC invocations=5 (full 2):
 garbage-first heap   total 34816K, used 8899K [0x00000000e0000000, 0x0000000100000000)
  region size 1024K, 0 young (0K), 0 survivors (0K)
 Metaspace       used 26966K, capacity 27627K, committed 27772K, reserved 1073152K
  class space    used 3068K, capacity 3362K, committed 3452K, reserved 1048576K
}

