# JRE version: OpenJDK Runtime Environment (11.0.5+10) (build 11.0.5+10)
# Java VM: OpenJDK 64-Bit Server VM (11.0.5+10, mixed mode, tiered, compressed oops, g1 gc, linux-amd64)
Heap:
 garbage-first heap   total 34816K, used 10336K [0x00000000e0000000, 0x0000000100000000)
  region size 1024K, 2 young (2048K), 0 survivors (0K)
 Metaspace       used 27840K, capacity 28600K, committed 28928K, reserved 1075200K
  class space    used 3144K, capacity 3494K, committed 3584K, reserved 1048576K
GC Heap History (8 events):
Event: 0.681 GC heap before
{Heap before GC invocations=0 (full 0):
 garbage-first heap   total 524288K, used 25600K [0x00000000e0000000, 0x0000000100000000)
  region size 1024K, 25 young (25600K), 0 survivors (0K)
 Metaspace       used 20476K, capacity 20983K, committed 21248K, reserved 1069056K
  class space    used 2241K, capacity 2468K, committed 2560K, reserved 1048576K
}
Event: 0.686 GC heap after
{Heap after GC invocations=1 (full 0):
 garbage-first heap   total 524288K, used 4926K [0x00000000e0000000, 0x0000000100000000)
  region size 1024K, 4 young (4096K), 4 survivors (4096K)
 Metaspace       used 20476K, capacity 20983K, committed 21248K, reserved 1069056K
  class space    used 2241K, capacity 2468K, committed 2560K, reserved 1048576K
}
Event: 0.690 GC heap before
{Heap before GC invocations=1 (full 0):
 garbage-first heap   total 524288K, used 4926K [0x00000000e0000000, 0x0000000100000000)
  region size 1024K, 5 young (5120K), 4 survivors (4096K)
 Metaspace       used 20570K, capacity 21083K, committed 21248K, reserved 1069056K
  class space    used 2245K, capacity 2501K, committed 2560K, reserved 1048576K
}
Event: 0.694 GC heap after
{Heap after GC invocations=2 (full 0):
 garbage-first heap   total 524288K, used 5138K [0x00000000e0000000, 0x0000000100000000)
  region size 1024K, 5 young (5120K), 5 survivors (5120K)
 Metaspace       used 20570K, capacity 21083K, committed 21248K, reserved 1069056K
  class space    used 2245K, capacity 2501K, committed 2560K, reserved 1048576K
}
Event: 8.235 GC heap before
{Heap before GC invocations=3 (full 0):
 garbage-first heap   total 524288K, used 21522K [0x00000000e0000000, 0x0000000100000000)
  region size 1024K, 20 young (20480K), 5 survivors (5120K)
 Metaspace       used 27636K, capacity 28405K, committed 28672K, reserved 1075200K
  class space    used 3124K, capacity 3493K, committed 3584K, reserved 1048576K
}
Event: 8.255 GC heap after
{Heap after GC invocations=4 (full 1):
 garbage-first heap   total 37888K, used 9303K [0x00000000e0000000, 0x0000000100000000)
  region size 1024K, 0 young (0K), 0 survivors (0K)
 Metaspace       used 27636K, capacity 28405K, committed 28672K, reserved 1075200K
  class space    used 3124K, capacity 3493K, committed 3584K, reserved 1048576K
}
Event: 8.256 GC heap before
{Heap before GC invocations=4 (full 1):
 garbage-first heap   total 37888K, used 9303K [0x00000000e0000000, 0x0000000100000000)
  region size 1024K, 1 young (1024K), 0 survivors (0K)
 Metaspace       used 27637K, capacity 28405K, committed 28672K, reserved 1075200K
  class space    used 3124K, capacity 3493K, committed 3584K, reserved 1048576K
}
Event: 8.276 GC heap after
{Heap after GC invocations=5 (full 2):
 garbage-first heap   total 34816K, used 9312K [0x00000000e0000000, 0x0000000100000000)
  region size 1024K, 0 young (0K), 0 survivors (0K)
 Metaspace       used 27637K, capacity 28405K, committed 28672K, reserved 1075200K
  class space    used 3124K, capacity 3493K, committed 3584K, reserved 1048576K
}

